# Logfile created on Wed Jul 09 14:10:33 -0400 2008 by /
scheduled_worker started
Schedules for worker loaded
asap_worker started
Schedules for worker loaded
asap_worker started
Schedules for worker loaded
scheduled_worker started
Schedules for worker loaded
scheduled_worker started
Schedules for worker loaded
asap_worker started
Schedules for worker loaded
scheduled_worker started
Schedules for worker loaded
asap_worker started
Schedules for worker loaded
scheduled_worker started
Schedules for worker loaded
asap_worker started
Schedules for worker loaded
scheduled_worker started
Schedules for worker loaded
asap_worker started
Schedules for worker loaded
run_user_initiated_job 1
run_user_initiated_job 1
scheduled_worker started
Schedules for worker loaded
asap_worker started
Schedules for worker loaded
run_user_initiated_job 1
asap_worker started
Schedules for worker loaded
run_user_initiated_job 1
scheduled_worker started
Schedules for worker loaded
scheduled_worker started
Schedules for worker loaded
asap_worker started
Schedules for worker loaded
run_user_initiated_job 1
run_user_initiated_job 1
run_user_initiated_job 1
run_user_initiated_job 2
run_user_initiated_job 2
asap_worker started
Schedules for worker loaded
run_user_initiated_job 2
scheduled_worker started
Schedules for worker loaded
run_user_initiated_job 2
run_user_initiated_job 2
run_user_initiated_job 2
run_user_initiated_job 2
run_user_initiated_job 2
run_user_initiated_job 2
run_user_initiated_job 2
run_user_initiated_job 2
run_user_initiated_job 2
run_user_initiated_job 2
run_user_initiated_job 2
run_user_initiated_job 2
run_user_initiated_job 1
run_user_initiated_job 1
run_user_initiated_job 1
run_user_initiated_job 1
run_user_initiated_job 1
run_user_initiated_job 2
run_user_initiated_job 2
asap_worker started
Schedules for worker loaded
scheduled_worker started
Schedules for worker loaded
asap_worker started
Schedules for worker loaded
scheduled_worker started
Schedules for worker loaded
run_user_initiated_job 1
run_user_initiated_job 2
run_user_initiated_job 2
run_user_initiated_job 1
run_user_initiated_job 3
run_user_initiated_job 3
run_user_initiated_job 3
run_user_initiated_job 3
run_user_initiated_job 3
run_user_initiated_job 3
run_user_initiated_job 3
run_user_initiated_job 3
asap_worker started
Schedules for worker loaded
scheduled_worker started
Schedules for worker loaded
asap_worker started
Schedules for worker loaded
scheduled_worker started
Schedules for worker loaded
run_user_initiated_job 1
run_user_initiated_job 1
run_user_initiated_job 1
run_user_initiated_job 1
run_user_initiated_job 1
run_user_initiated_job 2
run_user_initiated_job 2
run_user_initiated_job 2
run_user_initiated_job 3
run_user_initiated_job 3
run_user_initiated_job 3
run_user_initiated_job 3
run_user_initiated_job 3
run_user_initiated_job 3
run_user_initiated_job 3
run_user_initiated_job_in_parallel 3
run_user_initiated_job_in_parallel 3
run_user_initiated_job_in_parallel 3
run_user_initiated_job_in_parallel 3
run_user_initiated_job_in_parallel 3
scheduled_worker started
Schedules for worker loaded
asap_worker started
Schedules for worker loaded
run_user_initiated_job 1
run_user_initiated_job 2
run_user_initiated_job 3
run_user_initiated_job 3
scheduled_worker started
Schedules for worker loaded
asap_worker started
Schedules for worker loaded
run_user_initiated_job 1
run_user_initiated_job 1
run_user_initiated_job 1
run_user_initiated_job 1
run_user_initiated_job 2
run_user_initiated_job 2
run_user_initiated_job 3
run_user_initiated_job 3
run_user_initiated_job 3
run_user_initiated_job_concurrently 1
run_user_initiated_job_concurrently 1
run_user_initiated_job_concurrently 1
run_user_initiated_job_concurrently 2
scheduled_worker started
Schedules for worker loaded
asap_worker started
Schedules for worker loaded
run_user_initiated_job 1
run_user_initiated_job 2
run_user_initiated_job 3
run_user_initiated_job_concurrently 1
run_user_initiated_job_concurrently 3
run_user_initiated_job_concurrently 3
run_user_initiated_job_concurrently 3
run_user_initiated_job_concurrently 3
run_user_initiated_job_concurrently 3
run_user_initiated_job_concurrently 3
run_user_initiated_job_concurrently 3
run_user_initiated_job_concurrently 3
run_user_initiated_job 3
run_user_initiated_job 3
run_user_initiated_job_concurrently 3
run_user_initiated_job_concurrently 3
run_user_initiated_job_concurrently 3
run_user_initiated_job 3
run_user_initiated_job_concurrently 3
run_user_initiated_job 3
run_user_initiated_job 3
run_user_initiated_job_concurrently 3
run_user_initiated_job_concurrently 3
run_job_with_progress_update 1
run_job_with_progress_update 1
scheduled_worker started
Schedules for worker loaded
asap_worker started
Schedules for worker loaded
run_job_with_progress_update 1
scheduled_worker started
Schedules for worker loaded
asap_worker started
Schedules for worker loaded
run_user_initiated_job 1
run_user_initiated_job 2
run_user_initiated_job 2
run_user_initiated_job 3
run_user_initiated_job_concurrently 3
run_user_initiated_job_concurrently 3
run_job_with_progress_update 1
scheduled_worker started
Schedules for worker loaded
asap_worker started
Schedules for worker loaded
run_job_with_progress_update 1
run_job_with_progress_update 1
run_job_with_progress_update 1
run_job_with_progress_update 1
run_job_with_progress_update 2
run_job_with_progress_update 3
asap_worker started
Schedules for worker loaded
asap_worker started
Schedules for worker loaded
scheduled_worker started
Schedules for worker loaded
asap_worker started
Schedules for worker loaded
asap_worker started
Schedules for worker loaded
scheduled_worker started
Schedules for worker loaded
asap_worker started
Schedules for worker loaded
scheduled_worker started
Schedules for worker loaded
asap_worker started
Schedules for worker loaded
asap_worker started
Schedules for worker loaded
run_user_initiated_job 1
run_user_initiated_job 1
run_user_initiated_job 1
run_user_initiated_job 1
run_user_initiated_job 1
run_job_with_progress_update 1
run_job_with_progress_update 1
scheduled_worker started
Schedules for worker loaded
asap_worker started
Schedules for worker loaded
run_job_with_progress_update 
asap_worker started
Schedules for worker loaded
scheduled_worker started
Schedules for worker loaded
asap_worker started
Schedules for worker loaded
scheduled_worker started
Schedules for worker loaded
run_job_with_progress_update 
scheduled_worker started
Schedules for worker loaded
asap_worker started
Schedules for worker loaded
run_job_with_progress_update 
scheduled_worker started
Schedules for worker loaded
asap_worker started
Schedules for worker loaded
run_job_with_progress_update 
scheduled_worker started
Schedules for worker loaded
asap_worker started
Schedules for worker loaded
run_job_with_progress_update 
run_job_with_progress_update 
run_job_with_progress_update 
run_job_with_progress_update 
register_status 
scheduled_worker started
Schedules for worker loaded
asap_worker started
Schedules for worker loaded
register_status 
run_job_with_progress_update 
register_status 
run_job_with_progress_update 
register_status 
run_job_with_progress_update 
register_status 
run_job_with_progress_update 
register_status 
run_job_with_progress_update 
register_status 
run_job_with_progress_update 
asap_worker started
Schedules for worker loaded
register_status 
run_job_with_progress_update 
scheduled_worker started
Schedules for worker loaded
register_status 
run_job_with_progress_update 
run_user_initiated_job 1
run_user_initiated_job 2
run_user_initiated_job 3
run_user_initiated_job_concurrently 1
run_user_initiated_job_concurrently 1
run_user_initiated_job_concurrently 1
run_user_initiated_job_concurrently 1
run_user_initiated_job_concurrently 2
run_user_initiated_job_concurrently 3
run_user_initiated_job_concurrently 3
register_status 
run_job_with_progress_update 
run_user_initiated_job_concurrently 3
scheduled_worker started
Schedules for worker loaded
asap_worker started
Schedules for worker loaded
scheduled_worker started
Schedules for worker loaded
asap_worker started
Schedules for worker loaded
run_user_initiated_job_concurrently 3
run_user_initiated_job 1
scheduled_worker started
Schedules for worker loaded
asap_worker started
Schedules for worker loaded
run_user_initiated_job 1
run_user_initiated_job 2
run_user_initiated_job 3
run_user_initiated_job_concurrently 3
run_user_initiated_job_concurrently 3
run_user_initiated_job_concurrently 3
run_user_initiated_job_concurrently 3
register_status 
run_job_with_progress_update 
