# Logfile created on Wed Jul 09 14:10:30 -0400 2008 by /
Client disconected
Client disconected
Client disconected
Client disconected
Client disconected
Client disconected
Client disconected
Client disconected
Client disconected
You have a nil object when you didn't expect it!
The error occurred while evaluating nil.send_request
/opt/local/lib/ruby/gems/1.8/gems/packet-0.1.6/lib/packet/packet_master.rb:44:in `ask_worker'
/Users/jonathanwallace/rug_example/vendor/plugins/backgroundrb/server/lib/master_worker.rb:105:in `process_work'
/Users/jonathanwallace/rug_example/vendor/plugins/backgroundrb/server/lib/master_worker.rb:35:in `receive_data'
/opt/local/lib/ruby/gems/1.8/gems/packet-0.1.6/lib/packet/packet_parser.rb:30:in `call'
/opt/local/lib/ruby/gems/1.8/gems/packet-0.1.6/lib/packet/packet_parser.rb:30:in `extract'
/Users/jonathanwallace/rug_example/vendor/plugins/backgroundrb/server/lib/master_worker.rb:31:in `receive_data'
/opt/local/lib/ruby/gems/1.8/gems/packet-0.1.6/lib/packet/packet_core.rb:217:in `read_external_socket'
/opt/local/lib/ruby/gems/1.8/gems/packet-0.1.6/lib/packet/packet_core.rb:207:in `handle_external_messages'
/opt/local/lib/ruby/gems/1.8/gems/packet-0.1.6/lib/packet/packet_core.rb:181:in `handle_read_event'
/opt/local/lib/ruby/gems/1.8/gems/packet-0.1.6/lib/packet/packet_core.rb:177:in `each'
/opt/local/lib/ruby/gems/1.8/gems/packet-0.1.6/lib/packet/packet_core.rb:177:in `handle_read_event'
/opt/local/lib/ruby/gems/1.8/gems/packet-0.1.6/lib/packet/packet_core.rb:133:in `start_reactor'
/opt/local/lib/ruby/gems/1.8/gems/packet-0.1.6/lib/packet/packet_core.rb:126:in `loop'
/opt/local/lib/ruby/gems/1.8/gems/packet-0.1.6/lib/packet/packet_core.rb:126:in `start_reactor'
/opt/local/lib/ruby/gems/1.8/gems/packet-0.1.6/lib/packet/packet_master.rb:21:in `run'
/Users/jonathanwallace/rug_example/vendor/plugins/backgroundrb/server/lib/master_worker.rb:167:in `initialize'
./script/backgroundrb:64:in `new'
./script/backgroundrb:64
Client disconected
You have a nil object when you didn't expect it!
The error occurred while evaluating nil.send_request
/opt/local/lib/ruby/gems/1.8/gems/packet-0.1.6/lib/packet/packet_master.rb:44:in `ask_worker'
/Users/jonathanwallace/rug_example/vendor/plugins/backgroundrb/server/lib/master_worker.rb:105:in `process_work'
/Users/jonathanwallace/rug_example/vendor/plugins/backgroundrb/server/lib/master_worker.rb:35:in `receive_data'
/opt/local/lib/ruby/gems/1.8/gems/packet-0.1.6/lib/packet/packet_parser.rb:30:in `call'
/opt/local/lib/ruby/gems/1.8/gems/packet-0.1.6/lib/packet/packet_parser.rb:30:in `extract'
/Users/jonathanwallace/rug_example/vendor/plugins/backgroundrb/server/lib/master_worker.rb:31:in `receive_data'
/opt/local/lib/ruby/gems/1.8/gems/packet-0.1.6/lib/packet/packet_core.rb:217:in `read_external_socket'
/opt/local/lib/ruby/gems/1.8/gems/packet-0.1.6/lib/packet/packet_core.rb:207:in `handle_external_messages'
/opt/local/lib/ruby/gems/1.8/gems/packet-0.1.6/lib/packet/packet_core.rb:181:in `handle_read_event'
/opt/local/lib/ruby/gems/1.8/gems/packet-0.1.6/lib/packet/packet_core.rb:177:in `each'
/opt/local/lib/ruby/gems/1.8/gems/packet-0.1.6/lib/packet/packet_core.rb:177:in `handle_read_event'
/opt/local/lib/ruby/gems/1.8/gems/packet-0.1.6/lib/packet/packet_core.rb:133:in `start_reactor'
/opt/local/lib/ruby/gems/1.8/gems/packet-0.1.6/lib/packet/packet_core.rb:126:in `loop'
/opt/local/lib/ruby/gems/1.8/gems/packet-0.1.6/lib/packet/packet_core.rb:126:in `start_reactor'
/opt/local/lib/ruby/gems/1.8/gems/packet-0.1.6/lib/packet/packet_master.rb:21:in `run'
/Users/jonathanwallace/rug_example/vendor/plugins/backgroundrb/server/lib/master_worker.rb:167:in `initialize'
./script/backgroundrb:64:in `new'
./script/backgroundrb:64
Client disconected
Client disconected
Client disconected
Client disconected
Client disconected
Client disconected
Client disconected
Client disconected
Client disconected
Client disconected
Client disconected
Client disconected
Client disconected
Client disconected
Client disconected
Client disconected
Client disconected
Client disconected
Client disconected
Client disconected
Client disconected
Client disconected
Client disconected
Client disconected
Client disconected
Client disconected
Client disconected
Client disconected
Client disconected
Client disconected
Client disconected
Client disconected
Client disconected
Client disconected
Client disconected
Client disconected
Client disconected
Client disconected
Client disconected
Client disconected
Client disconected
Client disconected
Client disconected
Client disconected
Client disconected
Client disconected
Client disconected
Client disconected
Client disconected
Client disconected
Client disconected
Client disconected
Client disconected
Client disconected
Client disconected
Client disconected
Client disconected
Client disconected
Client disconected
Client disconected
Client disconected
Client disconected
Client disconected
Client disconected
Client disconected
Client disconected
Client disconected
Client disconected
Client disconected
Client disconected
Client disconected
Client disconected
Client disconected
Client disconected
Client disconected
Client disconected
Client disconected
Client disconected
Client disconected
Client disconected
Client disconected
Client disconected
Client disconected
Client disconected
Client disconected
Client disconected
Client disconected
Client disconected
Client disconected
Client disconected
Client disconected
Client disconected
Client disconected
Client disconected
Client disconected
Client disconected
Client disconected
Client disconected
Client disconected
Client disconected
Client disconected
Client disconected
Client disconected
Client disconected
Client disconected
Client disconected
Client disconected
Client disconected
Client disconected
Client disconected
Client disconected
Client disconected
Client disconected
Client disconected
Client disconected
You have a nil object when you didn't expect it!
The error occurred while evaluating nil.send_request
/opt/local/lib/ruby/gems/1.8/gems/packet-0.1.6/lib/packet/packet_master.rb:44:in `ask_worker'
/Users/jonathanwallace/rug_example/vendor/plugins/backgroundrb/server/lib/master_worker.rb:105:in `process_work'
/Users/jonathanwallace/rug_example/vendor/plugins/backgroundrb/server/lib/master_worker.rb:35:in `receive_data'
/opt/local/lib/ruby/gems/1.8/gems/packet-0.1.6/lib/packet/packet_parser.rb:30:in `call'
/opt/local/lib/ruby/gems/1.8/gems/packet-0.1.6/lib/packet/packet_parser.rb:30:in `extract'
/Users/jonathanwallace/rug_example/vendor/plugins/backgroundrb/server/lib/master_worker.rb:31:in `receive_data'
/opt/local/lib/ruby/gems/1.8/gems/packet-0.1.6/lib/packet/packet_core.rb:217:in `read_external_socket'
/opt/local/lib/ruby/gems/1.8/gems/packet-0.1.6/lib/packet/packet_core.rb:207:in `handle_external_messages'
/opt/local/lib/ruby/gems/1.8/gems/packet-0.1.6/lib/packet/packet_core.rb:181:in `handle_read_event'
/opt/local/lib/ruby/gems/1.8/gems/packet-0.1.6/lib/packet/packet_core.rb:177:in `each'
/opt/local/lib/ruby/gems/1.8/gems/packet-0.1.6/lib/packet/packet_core.rb:177:in `handle_read_event'
/opt/local/lib/ruby/gems/1.8/gems/packet-0.1.6/lib/packet/packet_core.rb:133:in `start_reactor'
/opt/local/lib/ruby/gems/1.8/gems/packet-0.1.6/lib/packet/packet_core.rb:126:in `loop'
/opt/local/lib/ruby/gems/1.8/gems/packet-0.1.6/lib/packet/packet_core.rb:126:in `start_reactor'
/opt/local/lib/ruby/gems/1.8/gems/packet-0.1.6/lib/packet/packet_master.rb:21:in `run'
/Users/jonathanwallace/rug_example/vendor/plugins/backgroundrb/server/lib/master_worker.rb:167:in `initialize'
./script/backgroundrb:64:in `new'
./script/backgroundrb:64
Client disconected
Client disconected
Client disconected
Client disconected
You have a nil object when you didn't expect it!
The error occurred while evaluating nil.send_request
/opt/local/lib/ruby/gems/1.8/gems/packet-0.1.6/lib/packet/packet_master.rb:44:in `ask_worker'
/Users/jonathanwallace/rug_example/vendor/plugins/backgroundrb/server/lib/master_worker.rb:105:in `process_work'
/Users/jonathanwallace/rug_example/vendor/plugins/backgroundrb/server/lib/master_worker.rb:35:in `receive_data'
/opt/local/lib/ruby/gems/1.8/gems/packet-0.1.6/lib/packet/packet_parser.rb:30:in `call'
/opt/local/lib/ruby/gems/1.8/gems/packet-0.1.6/lib/packet/packet_parser.rb:30:in `extract'
/Users/jonathanwallace/rug_example/vendor/plugins/backgroundrb/server/lib/master_worker.rb:31:in `receive_data'
/opt/local/lib/ruby/gems/1.8/gems/packet-0.1.6/lib/packet/packet_core.rb:217:in `read_external_socket'
/opt/local/lib/ruby/gems/1.8/gems/packet-0.1.6/lib/packet/packet_core.rb:207:in `handle_external_messages'
/opt/local/lib/ruby/gems/1.8/gems/packet-0.1.6/lib/packet/packet_core.rb:181:in `handle_read_event'
/opt/local/lib/ruby/gems/1.8/gems/packet-0.1.6/lib/packet/packet_core.rb:177:in `each'
/opt/local/lib/ruby/gems/1.8/gems/packet-0.1.6/lib/packet/packet_core.rb:177:in `handle_read_event'
/opt/local/lib/ruby/gems/1.8/gems/packet-0.1.6/lib/packet/packet_core.rb:133:in `start_reactor'
/opt/local/lib/ruby/gems/1.8/gems/packet-0.1.6/lib/packet/packet_core.rb:126:in `loop'
/opt/local/lib/ruby/gems/1.8/gems/packet-0.1.6/lib/packet/packet_core.rb:126:in `start_reactor'
/opt/local/lib/ruby/gems/1.8/gems/packet-0.1.6/lib/packet/packet_master.rb:21:in `run'
/Users/jonathanwallace/rug_example/vendor/plugins/backgroundrb/server/lib/master_worker.rb:167:in `initialize'
./script/backgroundrb:64:in `new'
./script/backgroundrb:64
Client disconected
Client disconected
You have a nil object when you didn't expect it!
The error occurred while evaluating nil.send_request
/opt/local/lib/ruby/gems/1.8/gems/packet-0.1.6/lib/packet/packet_master.rb:44:in `ask_worker'
/Users/jonathanwallace/rug_example/vendor/plugins/backgroundrb/server/lib/master_worker.rb:105:in `process_work'
/Users/jonathanwallace/rug_example/vendor/plugins/backgroundrb/server/lib/master_worker.rb:35:in `receive_data'
/opt/local/lib/ruby/gems/1.8/gems/packet-0.1.6/lib/packet/packet_parser.rb:30:in `call'
/opt/local/lib/ruby/gems/1.8/gems/packet-0.1.6/lib/packet/packet_parser.rb:30:in `extract'
/Users/jonathanwallace/rug_example/vendor/plugins/backgroundrb/server/lib/master_worker.rb:31:in `receive_data'
/opt/local/lib/ruby/gems/1.8/gems/packet-0.1.6/lib/packet/packet_core.rb:217:in `read_external_socket'
/opt/local/lib/ruby/gems/1.8/gems/packet-0.1.6/lib/packet/packet_core.rb:207:in `handle_external_messages'
/opt/local/lib/ruby/gems/1.8/gems/packet-0.1.6/lib/packet/packet_core.rb:181:in `handle_read_event'
/opt/local/lib/ruby/gems/1.8/gems/packet-0.1.6/lib/packet/packet_core.rb:177:in `each'
/opt/local/lib/ruby/gems/1.8/gems/packet-0.1.6/lib/packet/packet_core.rb:177:in `handle_read_event'
/opt/local/lib/ruby/gems/1.8/gems/packet-0.1.6/lib/packet/packet_core.rb:133:in `start_reactor'
/opt/local/lib/ruby/gems/1.8/gems/packet-0.1.6/lib/packet/packet_core.rb:126:in `loop'
/opt/local/lib/ruby/gems/1.8/gems/packet-0.1.6/lib/packet/packet_core.rb:126:in `start_reactor'
/opt/local/lib/ruby/gems/1.8/gems/packet-0.1.6/lib/packet/packet_master.rb:21:in `run'
/Users/jonathanwallace/rug_example/vendor/plugins/backgroundrb/server/lib/master_worker.rb:167:in `initialize'
./script/backgroundrb:64:in `new'
./script/backgroundrb:64
Client disconected
Client disconected
Client disconected
You have a nil object when you didn't expect it!
The error occurred while evaluating nil.send_request
/opt/local/lib/ruby/gems/1.8/gems/packet-0.1.6/lib/packet/packet_master.rb:44:in `ask_worker'
/Users/jonathanwallace/rug_example/vendor/plugins/backgroundrb/server/lib/master_worker.rb:105:in `process_work'
/Users/jonathanwallace/rug_example/vendor/plugins/backgroundrb/server/lib/master_worker.rb:35:in `receive_data'
/opt/local/lib/ruby/gems/1.8/gems/packet-0.1.6/lib/packet/packet_parser.rb:30:in `call'
/opt/local/lib/ruby/gems/1.8/gems/packet-0.1.6/lib/packet/packet_parser.rb:30:in `extract'
/Users/jonathanwallace/rug_example/vendor/plugins/backgroundrb/server/lib/master_worker.rb:31:in `receive_data'
/opt/local/lib/ruby/gems/1.8/gems/packet-0.1.6/lib/packet/packet_core.rb:217:in `read_external_socket'
/opt/local/lib/ruby/gems/1.8/gems/packet-0.1.6/lib/packet/packet_core.rb:207:in `handle_external_messages'
/opt/local/lib/ruby/gems/1.8/gems/packet-0.1.6/lib/packet/packet_core.rb:181:in `handle_read_event'
/opt/local/lib/ruby/gems/1.8/gems/packet-0.1.6/lib/packet/packet_core.rb:177:in `each'
/opt/local/lib/ruby/gems/1.8/gems/packet-0.1.6/lib/packet/packet_core.rb:177:in `handle_read_event'
/opt/local/lib/ruby/gems/1.8/gems/packet-0.1.6/lib/packet/packet_core.rb:133:in `start_reactor'
/opt/local/lib/ruby/gems/1.8/gems/packet-0.1.6/lib/packet/packet_core.rb:126:in `loop'
/opt/local/lib/ruby/gems/1.8/gems/packet-0.1.6/lib/packet/packet_core.rb:126:in `start_reactor'
/opt/local/lib/ruby/gems/1.8/gems/packet-0.1.6/lib/packet/packet_master.rb:21:in `run'
/Users/jonathanwallace/rug_example/vendor/plugins/backgroundrb/server/lib/master_worker.rb:167:in `initialize'
./script/backgroundrb:64:in `new'
./script/backgroundrb:64
Client disconected
Client disconected
Client disconected
Client disconected
You have a nil object when you didn't expect it!
The error occurred while evaluating nil.send_request
/opt/local/lib/ruby/gems/1.8/gems/packet-0.1.6/lib/packet/packet_master.rb:44:in `ask_worker'
/Users/jonathanwallace/rug_example/vendor/plugins/backgroundrb/server/lib/master_worker.rb:105:in `process_work'
/Users/jonathanwallace/rug_example/vendor/plugins/backgroundrb/server/lib/master_worker.rb:35:in `receive_data'
/opt/local/lib/ruby/gems/1.8/gems/packet-0.1.6/lib/packet/packet_parser.rb:30:in `call'
/opt/local/lib/ruby/gems/1.8/gems/packet-0.1.6/lib/packet/packet_parser.rb:30:in `extract'
/Users/jonathanwallace/rug_example/vendor/plugins/backgroundrb/server/lib/master_worker.rb:31:in `receive_data'
/opt/local/lib/ruby/gems/1.8/gems/packet-0.1.6/lib/packet/packet_core.rb:217:in `read_external_socket'
/opt/local/lib/ruby/gems/1.8/gems/packet-0.1.6/lib/packet/packet_core.rb:207:in `handle_external_messages'
/opt/local/lib/ruby/gems/1.8/gems/packet-0.1.6/lib/packet/packet_core.rb:181:in `handle_read_event'
/opt/local/lib/ruby/gems/1.8/gems/packet-0.1.6/lib/packet/packet_core.rb:177:in `each'
/opt/local/lib/ruby/gems/1.8/gems/packet-0.1.6/lib/packet/packet_core.rb:177:in `handle_read_event'
/opt/local/lib/ruby/gems/1.8/gems/packet-0.1.6/lib/packet/packet_core.rb:133:in `start_reactor'
/opt/local/lib/ruby/gems/1.8/gems/packet-0.1.6/lib/packet/packet_core.rb:126:in `loop'
/opt/local/lib/ruby/gems/1.8/gems/packet-0.1.6/lib/packet/packet_core.rb:126:in `start_reactor'
/opt/local/lib/ruby/gems/1.8/gems/packet-0.1.6/lib/packet/packet_master.rb:21:in `run'
/Users/jonathanwallace/rug_example/vendor/plugins/backgroundrb/server/lib/master_worker.rb:167:in `initialize'
./script/backgroundrb:64:in `new'
./script/backgroundrb:64
Client disconected
Client disconected
You have a nil object when you didn't expect it!
The error occurred while evaluating nil.send_request
/opt/local/lib/ruby/gems/1.8/gems/packet-0.1.6/lib/packet/packet_master.rb:44:in `ask_worker'
/Users/jonathanwallace/rug_example/vendor/plugins/backgroundrb/server/lib/master_worker.rb:105:in `process_work'
/Users/jonathanwallace/rug_example/vendor/plugins/backgroundrb/server/lib/master_worker.rb:35:in `receive_data'
/opt/local/lib/ruby/gems/1.8/gems/packet-0.1.6/lib/packet/packet_parser.rb:30:in `call'
/opt/local/lib/ruby/gems/1.8/gems/packet-0.1.6/lib/packet/packet_parser.rb:30:in `extract'
/Users/jonathanwallace/rug_example/vendor/plugins/backgroundrb/server/lib/master_worker.rb:31:in `receive_data'
/opt/local/lib/ruby/gems/1.8/gems/packet-0.1.6/lib/packet/packet_core.rb:217:in `read_external_socket'
/opt/local/lib/ruby/gems/1.8/gems/packet-0.1.6/lib/packet/packet_core.rb:207:in `handle_external_messages'
/opt/local/lib/ruby/gems/1.8/gems/packet-0.1.6/lib/packet/packet_core.rb:181:in `handle_read_event'
/opt/local/lib/ruby/gems/1.8/gems/packet-0.1.6/lib/packet/packet_core.rb:177:in `each'
/opt/local/lib/ruby/gems/1.8/gems/packet-0.1.6/lib/packet/packet_core.rb:177:in `handle_read_event'
/opt/local/lib/ruby/gems/1.8/gems/packet-0.1.6/lib/packet/packet_core.rb:133:in `start_reactor'
/opt/local/lib/ruby/gems/1.8/gems/packet-0.1.6/lib/packet/packet_core.rb:126:in `loop'
/opt/local/lib/ruby/gems/1.8/gems/packet-0.1.6/lib/packet/packet_core.rb:126:in `start_reactor'
/opt/local/lib/ruby/gems/1.8/gems/packet-0.1.6/lib/packet/packet_master.rb:21:in `run'
/Users/jonathanwallace/rug_example/vendor/plugins/backgroundrb/server/lib/master_worker.rb:167:in `initialize'
./script/backgroundrb:64:in `new'
./script/backgroundrb:64
Client disconected
Client disconected
Client disconected
You have a nil object when you didn't expect it!
The error occurred while evaluating nil.send_request
/opt/local/lib/ruby/gems/1.8/gems/packet-0.1.6/lib/packet/packet_master.rb:44:in `ask_worker'
/Users/jonathanwallace/rug_example/vendor/plugins/backgroundrb/server/lib/master_worker.rb:105:in `process_work'
/Users/jonathanwallace/rug_example/vendor/plugins/backgroundrb/server/lib/master_worker.rb:35:in `receive_data'
/opt/local/lib/ruby/gems/1.8/gems/packet-0.1.6/lib/packet/packet_parser.rb:30:in `call'
/opt/local/lib/ruby/gems/1.8/gems/packet-0.1.6/lib/packet/packet_parser.rb:30:in `extract'
/Users/jonathanwallace/rug_example/vendor/plugins/backgroundrb/server/lib/master_worker.rb:31:in `receive_data'
/opt/local/lib/ruby/gems/1.8/gems/packet-0.1.6/lib/packet/packet_core.rb:217:in `read_external_socket'
/opt/local/lib/ruby/gems/1.8/gems/packet-0.1.6/lib/packet/packet_core.rb:207:in `handle_external_messages'
/opt/local/lib/ruby/gems/1.8/gems/packet-0.1.6/lib/packet/packet_core.rb:181:in `handle_read_event'
/opt/local/lib/ruby/gems/1.8/gems/packet-0.1.6/lib/packet/packet_core.rb:177:in `each'
/opt/local/lib/ruby/gems/1.8/gems/packet-0.1.6/lib/packet/packet_core.rb:177:in `handle_read_event'
/opt/local/lib/ruby/gems/1.8/gems/packet-0.1.6/lib/packet/packet_core.rb:133:in `start_reactor'
/opt/local/lib/ruby/gems/1.8/gems/packet-0.1.6/lib/packet/packet_core.rb:126:in `loop'
/opt/local/lib/ruby/gems/1.8/gems/packet-0.1.6/lib/packet/packet_core.rb:126:in `start_reactor'
/opt/local/lib/ruby/gems/1.8/gems/packet-0.1.6/lib/packet/packet_master.rb:21:in `run'
/Users/jonathanwallace/rug_example/vendor/plugins/backgroundrb/server/lib/master_worker.rb:167:in `initialize'
./script/backgroundrb:64:in `new'
./script/backgroundrb:64
Client disconected
You have a nil object when you didn't expect it!
The error occurred while evaluating nil.send_request
/opt/local/lib/ruby/gems/1.8/gems/packet-0.1.6/lib/packet/packet_master.rb:44:in `ask_worker'
/Users/jonathanwallace/rug_example/vendor/plugins/backgroundrb/server/lib/master_worker.rb:105:in `process_work'
/Users/jonathanwallace/rug_example/vendor/plugins/backgroundrb/server/lib/master_worker.rb:35:in `receive_data'
/opt/local/lib/ruby/gems/1.8/gems/packet-0.1.6/lib/packet/packet_parser.rb:30:in `call'
/opt/local/lib/ruby/gems/1.8/gems/packet-0.1.6/lib/packet/packet_parser.rb:30:in `extract'
/Users/jonathanwallace/rug_example/vendor/plugins/backgroundrb/server/lib/master_worker.rb:31:in `receive_data'
/opt/local/lib/ruby/gems/1.8/gems/packet-0.1.6/lib/packet/packet_core.rb:217:in `read_external_socket'
/opt/local/lib/ruby/gems/1.8/gems/packet-0.1.6/lib/packet/packet_core.rb:207:in `handle_external_messages'
/opt/local/lib/ruby/gems/1.8/gems/packet-0.1.6/lib/packet/packet_core.rb:181:in `handle_read_event'
/opt/local/lib/ruby/gems/1.8/gems/packet-0.1.6/lib/packet/packet_core.rb:177:in `each'
/opt/local/lib/ruby/gems/1.8/gems/packet-0.1.6/lib/packet/packet_core.rb:177:in `handle_read_event'
/opt/local/lib/ruby/gems/1.8/gems/packet-0.1.6/lib/packet/packet_core.rb:133:in `start_reactor'
/opt/local/lib/ruby/gems/1.8/gems/packet-0.1.6/lib/packet/packet_core.rb:126:in `loop'
/opt/local/lib/ruby/gems/1.8/gems/packet-0.1.6/lib/packet/packet_core.rb:126:in `start_reactor'
/opt/local/lib/ruby/gems/1.8/gems/packet-0.1.6/lib/packet/packet_master.rb:21:in `run'
/Users/jonathanwallace/rug_example/vendor/plugins/backgroundrb/server/lib/master_worker.rb:167:in `initialize'
./script/backgroundrb:64:in `new'
./script/backgroundrb:64
Client disconected
Client disconected
Client disconected
You have a nil object when you didn't expect it!
The error occurred while evaluating nil.send_request
/opt/local/lib/ruby/gems/1.8/gems/packet-0.1.6/lib/packet/packet_master.rb:44:in `ask_worker'
/Users/jonathanwallace/rug_example/vendor/plugins/backgroundrb/server/lib/master_worker.rb:105:in `process_work'
/Users/jonathanwallace/rug_example/vendor/plugins/backgroundrb/server/lib/master_worker.rb:35:in `receive_data'
/opt/local/lib/ruby/gems/1.8/gems/packet-0.1.6/lib/packet/packet_parser.rb:30:in `call'
/opt/local/lib/ruby/gems/1.8/gems/packet-0.1.6/lib/packet/packet_parser.rb:30:in `extract'
/Users/jonathanwallace/rug_example/vendor/plugins/backgroundrb/server/lib/master_worker.rb:31:in `receive_data'
/opt/local/lib/ruby/gems/1.8/gems/packet-0.1.6/lib/packet/packet_core.rb:217:in `read_external_socket'
/opt/local/lib/ruby/gems/1.8/gems/packet-0.1.6/lib/packet/packet_core.rb:207:in `handle_external_messages'
/opt/local/lib/ruby/gems/1.8/gems/packet-0.1.6/lib/packet/packet_core.rb:181:in `handle_read_event'
/opt/local/lib/ruby/gems/1.8/gems/packet-0.1.6/lib/packet/packet_core.rb:177:in `each'
/opt/local/lib/ruby/gems/1.8/gems/packet-0.1.6/lib/packet/packet_core.rb:177:in `handle_read_event'
/opt/local/lib/ruby/gems/1.8/gems/packet-0.1.6/lib/packet/packet_core.rb:133:in `start_reactor'
/opt/local/lib/ruby/gems/1.8/gems/packet-0.1.6/lib/packet/packet_core.rb:126:in `loop'
/opt/local/lib/ruby/gems/1.8/gems/packet-0.1.6/lib/packet/packet_core.rb:126:in `start_reactor'
/opt/local/lib/ruby/gems/1.8/gems/packet-0.1.6/lib/packet/packet_master.rb:21:in `run'
/Users/jonathanwallace/rug_example/vendor/plugins/backgroundrb/server/lib/master_worker.rb:167:in `initialize'
./script/backgroundrb:64:in `new'
./script/backgroundrb:64
Client disconected
Client disconected
Client disconected
Client disconected
Client disconected
Client disconected
Client disconected
Client disconected
Client disconected
Client disconected
Client disconected
Client disconected
You have a nil object when you didn't expect it!
The error occurred while evaluating nil.send_request
/opt/local/lib/ruby/gems/1.8/gems/packet-0.1.6/lib/packet/packet_master.rb:44:in `ask_worker'
/Users/jonathanwallace/rug_example/vendor/plugins/backgroundrb/server/lib/master_worker.rb:105:in `process_work'
/Users/jonathanwallace/rug_example/vendor/plugins/backgroundrb/server/lib/master_worker.rb:35:in `receive_data'
/opt/local/lib/ruby/gems/1.8/gems/packet-0.1.6/lib/packet/packet_parser.rb:30:in `call'
/opt/local/lib/ruby/gems/1.8/gems/packet-0.1.6/lib/packet/packet_parser.rb:30:in `extract'
/Users/jonathanwallace/rug_example/vendor/plugins/backgroundrb/server/lib/master_worker.rb:31:in `receive_data'
/opt/local/lib/ruby/gems/1.8/gems/packet-0.1.6/lib/packet/packet_core.rb:217:in `read_external_socket'
/opt/local/lib/ruby/gems/1.8/gems/packet-0.1.6/lib/packet/packet_core.rb:207:in `handle_external_messages'
/opt/local/lib/ruby/gems/1.8/gems/packet-0.1.6/lib/packet/packet_core.rb:181:in `handle_read_event'
/opt/local/lib/ruby/gems/1.8/gems/packet-0.1.6/lib/packet/packet_core.rb:177:in `each'
/opt/local/lib/ruby/gems/1.8/gems/packet-0.1.6/lib/packet/packet_core.rb:177:in `handle_read_event'
/opt/local/lib/ruby/gems/1.8/gems/packet-0.1.6/lib/packet/packet_core.rb:133:in `start_reactor'
/opt/local/lib/ruby/gems/1.8/gems/packet-0.1.6/lib/packet/packet_core.rb:126:in `loop'
/opt/local/lib/ruby/gems/1.8/gems/packet-0.1.6/lib/packet/packet_core.rb:126:in `start_reactor'
/opt/local/lib/ruby/gems/1.8/gems/packet-0.1.6/lib/packet/packet_master.rb:21:in `run'
/Users/jonathanwallace/rug_example/vendor/plugins/backgroundrb/server/lib/master_worker.rb:167:in `initialize'
./script/backgroundrb:64:in `new'
./script/backgroundrb:64
Client disconected
You have a nil object when you didn't expect it!
The error occurred while evaluating nil.send_request
/opt/local/lib/ruby/gems/1.8/gems/packet-0.1.6/lib/packet/packet_master.rb:44:in `ask_worker'
/Users/jonathanwallace/rug_example/vendor/plugins/backgroundrb/server/lib/master_worker.rb:105:in `process_work'
/Users/jonathanwallace/rug_example/vendor/plugins/backgroundrb/server/lib/master_worker.rb:35:in `receive_data'
/opt/local/lib/ruby/gems/1.8/gems/packet-0.1.6/lib/packet/packet_parser.rb:30:in `call'
/opt/local/lib/ruby/gems/1.8/gems/packet-0.1.6/lib/packet/packet_parser.rb:30:in `extract'
/Users/jonathanwallace/rug_example/vendor/plugins/backgroundrb/server/lib/master_worker.rb:31:in `receive_data'
/opt/local/lib/ruby/gems/1.8/gems/packet-0.1.6/lib/packet/packet_core.rb:217:in `read_external_socket'
/opt/local/lib/ruby/gems/1.8/gems/packet-0.1.6/lib/packet/packet_core.rb:207:in `handle_external_messages'
/opt/local/lib/ruby/gems/1.8/gems/packet-0.1.6/lib/packet/packet_core.rb:181:in `handle_read_event'
/opt/local/lib/ruby/gems/1.8/gems/packet-0.1.6/lib/packet/packet_core.rb:177:in `each'
/opt/local/lib/ruby/gems/1.8/gems/packet-0.1.6/lib/packet/packet_core.rb:177:in `handle_read_event'
/opt/local/lib/ruby/gems/1.8/gems/packet-0.1.6/lib/packet/packet_core.rb:133:in `start_reactor'
/opt/local/lib/ruby/gems/1.8/gems/packet-0.1.6/lib/packet/packet_core.rb:126:in `loop'
/opt/local/lib/ruby/gems/1.8/gems/packet-0.1.6/lib/packet/packet_core.rb:126:in `start_reactor'
/opt/local/lib/ruby/gems/1.8/gems/packet-0.1.6/lib/packet/packet_master.rb:21:in `run'
/Users/jonathanwallace/rug_example/vendor/plugins/backgroundrb/server/lib/master_worker.rb:167:in `initialize'
./script/backgroundrb:64:in `new'
./script/backgroundrb:64
Client disconected
Client disconected
Client disconected
Client disconected
Client disconected
Client disconected
Client disconected
Client disconected
Client disconected
Client disconected
Client disconected
Client disconected
Client disconected
Client disconected
Client disconected
Client disconected
Client disconected
Client disconected
Client disconected
Client disconected
Client disconected
Client disconected
Client disconected
Client disconected
Client disconected
Client disconected
Client disconected
Client disconected
Client disconected
Client disconected
Client disconected
Client disconected
Client disconected
Client disconected
Client disconected
Client disconected
Client disconected
Client disconected
Client disconected
Client disconected
Client disconected
Client disconected
Client disconected
Client disconected
Client disconected
Client disconected
Client disconected
Client disconected
Client disconected
Client disconected
Client disconected
Client disconected
Client disconected
Client disconected
Client disconected
Client disconected
Client disconected
Client disconected
Client disconected
Client disconected
Client disconected
Client disconected
Client disconected
Client disconected
Client disconected
Client disconected
Client disconected
Client disconected
Client disconected
Client disconected
Client disconected
Client disconected
Client disconected
Client disconected
Client disconected
Client disconected
Client disconected
Client disconected
Client disconected
Client disconected
Client disconected
Client disconected
Client disconected
Client disconected
Client disconected
Client disconected
Client disconected
Client disconected
Client disconected
Client disconected
Client disconected
Client disconected
Client disconected
Client disconected
Client disconected
Client disconected
Client disconected
Client disconected
Client disconected
Client disconected
Client disconected
Client disconected
Client disconected
Client disconected
Client disconected
Client disconected
Client disconected
Client disconected
Client disconected
Client disconected
Client disconected
Client disconected
Client disconected
Client disconected
Client disconected
Client disconected
Client disconected
Client disconected
Client disconected
Client disconected
Client disconected
Client disconected
Client disconected
Client disconected
Client disconected
Client disconected
Client disconected
Client disconected
Client disconected
Client disconected
Client disconected
Client disconected
Client disconected
Client disconected
Client disconected
Client disconected
Client disconected
Client disconected
Client disconected
Client disconected
Client disconected
Client disconected
Client disconected
Client disconected
Client disconected
Client disconected
Client disconected
Client disconected
Client disconected
Client disconected
Client disconected
Client disconected
Client disconected
Client disconected
Client disconected
Client disconected
Client disconected
Client disconected
Client disconected
Client disconected
Client disconected
Client disconected
Client disconected
Client disconected
Client disconected
You have a nil object when you didn't expect it!
The error occurred while evaluating nil.send_request
/opt/local/lib/ruby/gems/1.8/gems/packet-0.1.6/lib/packet/packet_master.rb:44:in `ask_worker'
/Users/jonathanwallace/rug_example/vendor/plugins/backgroundrb/server/lib/master_worker.rb:105:in `process_work'
/Users/jonathanwallace/rug_example/vendor/plugins/backgroundrb/server/lib/master_worker.rb:35:in `receive_data'
/opt/local/lib/ruby/gems/1.8/gems/packet-0.1.6/lib/packet/packet_parser.rb:30:in `call'
/opt/local/lib/ruby/gems/1.8/gems/packet-0.1.6/lib/packet/packet_parser.rb:30:in `extract'
/Users/jonathanwallace/rug_example/vendor/plugins/backgroundrb/server/lib/master_worker.rb:31:in `receive_data'
/opt/local/lib/ruby/gems/1.8/gems/packet-0.1.6/lib/packet/packet_core.rb:217:in `read_external_socket'
/opt/local/lib/ruby/gems/1.8/gems/packet-0.1.6/lib/packet/packet_core.rb:207:in `handle_external_messages'
/opt/local/lib/ruby/gems/1.8/gems/packet-0.1.6/lib/packet/packet_core.rb:181:in `handle_read_event'
/opt/local/lib/ruby/gems/1.8/gems/packet-0.1.6/lib/packet/packet_core.rb:177:in `each'
/opt/local/lib/ruby/gems/1.8/gems/packet-0.1.6/lib/packet/packet_core.rb:177:in `handle_read_event'
/opt/local/lib/ruby/gems/1.8/gems/packet-0.1.6/lib/packet/packet_core.rb:133:in `start_reactor'
/opt/local/lib/ruby/gems/1.8/gems/packet-0.1.6/lib/packet/packet_core.rb:126:in `loop'
/opt/local/lib/ruby/gems/1.8/gems/packet-0.1.6/lib/packet/packet_core.rb:126:in `start_reactor'
/opt/local/lib/ruby/gems/1.8/gems/packet-0.1.6/lib/packet/packet_master.rb:21:in `run'
/Users/jonathanwallace/rug_example/vendor/plugins/backgroundrb/server/lib/master_worker.rb:167:in `initialize'
./script/backgroundrb:64:in `new'
./script/backgroundrb:64
Client disconected
Client disconected
Client disconected
Client disconected
Client disconected
Client disconected
Client disconected
Client disconected
Client disconected
Client disconected
Client disconected
Client disconected
Client disconected
Client disconected
Client disconected
Client disconected
Client disconected
